[2022-03-19 13:18:07,036] multiqc                                            [DEBUG  ]  No MultiQC config found: /cm/shared/apps/multiqc/1.5/lib/python2.7/site-packages/multiqc-1.5-py2.7.egg/multiqc_config.yaml
[2022-03-19 13:18:07,037] multiqc                                            [DEBUG  ]  No MultiQC config found: /home/ejorquera/.multiqc_config.yaml
[2022-03-19 13:18:07,037] multiqc                                            [DEBUG  ]  No MultiQC config found: multiqc_config.yaml
[2022-03-19 13:18:07,037] multiqc                                            [DEBUG  ]  Command used: /cm/shared/apps/multiqc/1.5/bin/multiqc /mnt/Citosina/amedina/ejorquera/BioInfoII/Tarea_5/out/QC2
[2022-03-19 13:18:08,095] multiqc                                            [WARNING]  MultiQC Version v1.12 now available!
[2022-03-19 13:18:08,095] multiqc                                            [INFO   ]  This is MultiQC v1.5
[2022-03-19 13:18:08,095] multiqc                                            [DEBUG  ]  Command     : /cm/shared/apps/multiqc/1.5/bin/multiqc /mnt/Citosina/amedina/ejorquera/BioInfoII/Tarea_5/out/QC2
[2022-03-19 13:18:08,095] multiqc                                            [DEBUG  ]  Working dir : /mnt/Citosina/amedina/ejorquera/BioInfoII/Tarea_5/out/QC2
[2022-03-19 13:18:08,095] multiqc                                            [INFO   ]  Template    : default
[2022-03-19 13:18:08,095] multiqc                                            [INFO   ]  Searching '/mnt/Citosina/amedina/ejorquera/BioInfoII/Tarea_5/out/QC2'
[2022-03-19 13:18:08,096] multiqc                                            [DEBUG  ]  Analysing modules: custom_content, conpair, peddy, methylQA, qualimap, preseq, quast, qorts, rna_seqc, rsem, rseqc, busco, goleft_indexcov, disambiguate, supernova, deeptools, sargasso, verifybamid, homer, macs2, theta2, snpeff, gatk, htseq, bcftools, featureCounts, dedup, picard, prokka, samblaster, samtools, bamtools, jellyfish, vcftools, bbmap, bismark, hicexplorer, hicup, salmon, kallisto, slamdunk, star, hisat2, tophat, bowtie2, bowtie1, leehom, adapterRemoval, clipandmerge, cutadapt, flexbar, trimmomatic, skewer, sortmerna, biobloomtools, fastq_screen, afterqc, fastqc, clusterflow, bcl2fastq, interop
[2022-03-19 13:18:08,096] multiqc                                            [DEBUG  ]  Using temporary directory for creating report: /tmp/tmpudkw5G
[2022-03-19 13:18:08,118] multiqc                                            [DEBUG  ]  Ignoring file as matched an ignore pattern: SRR6417885_trmd_1_1P_fastqc.html
[2022-03-19 13:18:08,119] multiqc                                            [DEBUG  ]  Ignoring file as matched an ignore pattern: SRR6417885_trmd_1_1U_fastqc.html
[2022-03-19 13:18:08,119] multiqc                                            [DEBUG  ]  Ignoring file as matched an ignore pattern: SRR6417885_trmd_1_2P_fastqc.html
[2022-03-19 13:18:08,120] multiqc                                            [DEBUG  ]  Ignoring file as matched an ignore pattern: SRR6417885_trmd_1_2U_fastqc.html
[2022-03-19 13:18:08,120] multiqc                                            [DEBUG  ]  Ignoring file as matched an ignore pattern: SRR6417886_trmd_1_1P_fastqc.html
[2022-03-19 13:18:08,121] multiqc                                            [DEBUG  ]  Ignoring file as matched an ignore pattern: SRR6417886_trmd_1_1U_fastqc.html
[2022-03-19 13:18:08,121] multiqc                                            [DEBUG  ]  Ignoring file as matched an ignore pattern: SRR6417886_trmd_1_2P_fastqc.html
[2022-03-19 13:18:08,122] multiqc                                            [DEBUG  ]  Ignoring file as matched an ignore pattern: SRR6417886_trmd_1_2U_fastqc.html
[2022-03-19 13:18:08,122] multiqc                                            [DEBUG  ]  Ignoring file as matched an ignore pattern: SRR6417887_trmd_1_1P_fastqc.html
[2022-03-19 13:18:08,123] multiqc                                            [DEBUG  ]  Ignoring file as matched an ignore pattern: SRR6417887_trmd_1_1U_fastqc.html
[2022-03-19 13:18:08,123] multiqc                                            [DEBUG  ]  Ignoring file as matched an ignore pattern: SRR6417887_trmd_1_2P_fastqc.html
[2022-03-19 13:18:08,124] multiqc                                            [DEBUG  ]  Ignoring file as matched an ignore pattern: SRR6417887_trmd_1_2U_fastqc.html
[2022-03-19 13:18:08,124] multiqc                                            [DEBUG  ]  Ignoring file as matched an ignore pattern: SRR6417888_trmd_1_1P_fastqc.html
[2022-03-19 13:18:08,125] multiqc                                            [DEBUG  ]  Ignoring file as matched an ignore pattern: SRR6417888_trmd_1_1U_fastqc.html
[2022-03-19 13:18:08,125] multiqc                                            [DEBUG  ]  Ignoring file as matched an ignore pattern: SRR6417888_trmd_1_2P_fastqc.html
[2022-03-19 13:18:08,125] multiqc                                            [DEBUG  ]  Ignoring file as matched an ignore pattern: SRR6417888_trmd_1_2U_fastqc.html
[2022-03-19 13:18:08,126] multiqc                                            [DEBUG  ]  Ignoring file as matched an ignore pattern: SRR6417889_trmd_1_1P_fastqc.html
[2022-03-19 13:18:08,126] multiqc                                            [DEBUG  ]  Ignoring file as matched an ignore pattern: SRR6417889_trmd_1_1U_fastqc.html
[2022-03-19 13:18:08,127] multiqc                                            [DEBUG  ]  Ignoring file as matched an ignore pattern: SRR6417889_trmd_1_2P_fastqc.html
[2022-03-19 13:18:08,127] multiqc                                            [DEBUG  ]  Ignoring file as matched an ignore pattern: SRR6417889_trmd_1_2U_fastqc.html
[2022-03-19 13:18:08,128] multiqc                                            [DEBUG  ]  Ignoring file as matched an ignore pattern: SRR6417890_trmd_1_1P_fastqc.html
[2022-03-19 13:18:08,128] multiqc                                            [DEBUG  ]  Ignoring file as matched an ignore pattern: SRR6417890_trmd_1_1U_fastqc.html
[2022-03-19 13:18:08,129] multiqc                                            [DEBUG  ]  Ignoring file as matched an ignore pattern: SRR6417890_trmd_1_2P_fastqc.html
[2022-03-19 13:18:08,129] multiqc                                            [DEBUG  ]  Ignoring file as matched an ignore pattern: SRR6417890_trmd_1_2U_fastqc.html
[2022-03-19 13:18:08,330] multiqc                                            [DEBUG  ]  No samples found: custom_content
[2022-03-19 13:18:08,336] multiqc                                            [DEBUG  ]  No samples found: conpair
[2022-03-19 13:18:08,341] multiqc                                            [DEBUG  ]  No samples found: peddy
[2022-03-19 13:18:08,347] multiqc                                            [DEBUG  ]  No samples found: methylQA
[2022-03-19 13:18:08,355] multiqc                                            [DEBUG  ]  No samples found: qualimap
[2022-03-19 13:18:08,360] multiqc                                            [DEBUG  ]  No samples found: preseq
[2022-03-19 13:18:08,367] multiqc                                            [DEBUG  ]  No samples found: quast
[2022-03-19 13:18:08,372] multiqc                                            [DEBUG  ]  No samples found: qorts
[2022-03-19 13:18:08,377] multiqc                                            [DEBUG  ]  No samples found: rna_seqc
[2022-03-19 13:18:08,382] multiqc                                            [DEBUG  ]  No samples found: rsem
[2022-03-19 13:18:08,392] multiqc                                            [DEBUG  ]  No samples found: rseqc
[2022-03-19 13:18:08,398] multiqc                                            [DEBUG  ]  No samples found: busco
[2022-03-19 13:18:08,403] multiqc                                            [DEBUG  ]  No samples found: goleft_indexcov
[2022-03-19 13:18:08,408] multiqc                                            [DEBUG  ]  No samples found: disambiguate
[2022-03-19 13:18:08,413] multiqc                                            [DEBUG  ]  No samples found: supernova
[2022-03-19 13:18:08,421] multiqc                                            [DEBUG  ]  No samples found: deeptools
[2022-03-19 13:18:08,427] multiqc                                            [DEBUG  ]  No samples found: sargasso
[2022-03-19 13:18:08,432] multiqc                                            [DEBUG  ]  No samples found: verifybamid
[2022-03-19 13:18:08,439] multiqc                                            [DEBUG  ]  No samples found: homer
[2022-03-19 13:18:08,444] multiqc                                            [DEBUG  ]  No samples found: macs2
[2022-03-19 13:18:08,449] multiqc                                            [DEBUG  ]  No samples found: theta2
[2022-03-19 13:18:08,454] multiqc                                            [DEBUG  ]  No samples found: snpeff
[2022-03-19 13:18:08,461] multiqc                                            [DEBUG  ]  No samples found: gatk
[2022-03-19 13:18:08,466] multiqc                                            [DEBUG  ]  No samples found: htseq
[2022-03-19 13:18:08,471] multiqc                                            [DEBUG  ]  No samples found: bcftools
[2022-03-19 13:18:08,477] multiqc                                            [DEBUG  ]  No samples found: featureCounts
[2022-03-19 13:18:08,483] multiqc                                            [DEBUG  ]  No samples found: dedup
[2022-03-19 13:18:08,494] multiqc                                            [DEBUG  ]  No samples found: picard
[2022-03-19 13:18:08,499] multiqc                                            [DEBUG  ]  No samples found: prokka
[2022-03-19 13:18:08,504] multiqc                                            [DEBUG  ]  No samples found: samblaster
[2022-03-19 13:18:08,512] multiqc                                            [DEBUG  ]  No samples found: samtools
[2022-03-19 13:18:08,518] multiqc                                            [DEBUG  ]  No samples found: bamtools
[2022-03-19 13:18:08,524] multiqc                                            [DEBUG  ]  No samples found: jellyfish
[2022-03-19 13:18:08,531] multiqc                                            [DEBUG  ]  No samples found: vcftools
[2022-03-19 13:18:08,542] multiqc                                            [DEBUG  ]  No samples found: bbmap
[2022-03-19 13:18:08,547] multiqc                                            [DEBUG  ]  No samples found: bismark
[2022-03-19 13:18:08,552] multiqc                                            [DEBUG  ]  No samples found: hicexplorer
[2022-03-19 13:18:08,557] multiqc                                            [DEBUG  ]  No samples found: hicup
[2022-03-19 13:18:08,562] multiqc                                            [DEBUG  ]  No samples found: salmon
[2022-03-19 13:18:08,567] multiqc                                            [DEBUG  ]  No samples found: kallisto
[2022-03-19 13:18:08,573] multiqc                                            [DEBUG  ]  No samples found: slamdunk
[2022-03-19 13:18:08,578] multiqc                                            [DEBUG  ]  No samples found: star
[2022-03-19 13:18:08,584] multiqc                                            [DEBUG  ]  No samples found: hisat2
[2022-03-19 13:18:08,589] multiqc                                            [DEBUG  ]  No samples found: tophat
[2022-03-19 13:18:08,595] multiqc                                            [DEBUG  ]  No samples found: bowtie2
[2022-03-19 13:18:08,600] multiqc                                            [DEBUG  ]  No samples found: bowtie1
[2022-03-19 13:18:08,606] multiqc                                            [DEBUG  ]  No samples found: leehom
[2022-03-19 13:18:08,613] multiqc                                            [DEBUG  ]  No samples found: adapterRemoval
[2022-03-19 13:18:08,618] multiqc                                            [DEBUG  ]  No samples found: clipandmerge
[2022-03-19 13:18:08,623] multiqc                                            [DEBUG  ]  No samples found: cutadapt
[2022-03-19 13:18:08,628] multiqc                                            [DEBUG  ]  No samples found: flexbar
[2022-03-19 13:18:08,632] multiqc                                            [DEBUG  ]  No samples found: trimmomatic
[2022-03-19 13:18:08,637] multiqc                                            [DEBUG  ]  No samples found: skewer
[2022-03-19 13:18:08,641] multiqc                                            [DEBUG  ]  No samples found: sortmerna
[2022-03-19 13:18:08,646] multiqc                                            [DEBUG  ]  No samples found: biobloomtools
[2022-03-19 13:18:08,651] multiqc                                            [DEBUG  ]  No samples found: fastq_screen
[2022-03-19 13:18:08,655] multiqc                                            [DEBUG  ]  No samples found: afterqc
[2022-03-19 13:18:09,299] multiqc.modules.fastqc.fastqc                      [INFO   ]  Found 24 reports
[2022-03-19 13:18:11,743] multiqc                                            [DEBUG  ]  No samples found: clusterflow
[2022-03-19 13:18:11,748] multiqc                                            [DEBUG  ]  No samples found: bcl2fastq
[2022-03-19 13:18:11,753] multiqc                                            [DEBUG  ]  No samples found: interop
[2022-03-19 13:18:11,787] multiqc                                            [INFO   ]  Compressing plot data
[2022-03-19 13:18:15,660] multiqc                                            [INFO   ]  Report      : multiqc_report.html
[2022-03-19 13:18:15,661] multiqc                                            [INFO   ]  Data        : multiqc_data
[2022-03-19 13:18:15,661] multiqc                                            [DEBUG  ]  Moving data file from '/tmp/tmpudkw5G/multiqc_data/multiqc_data.json' to '/mnt/Citosina/amedina/ejorquera/BioInfoII/Tarea_5/out/QC2/multiqc_data'
[2022-03-19 13:18:15,666] multiqc                                            [DEBUG  ]  Moving data file from '/tmp/tmpudkw5G/multiqc_data/multiqc_sources.txt' to '/mnt/Citosina/amedina/ejorquera/BioInfoII/Tarea_5/out/QC2/multiqc_data'
[2022-03-19 13:18:15,667] multiqc                                            [DEBUG  ]  Moving data file from '/tmp/tmpudkw5G/multiqc_data/multiqc_general_stats.txt' to '/mnt/Citosina/amedina/ejorquera/BioInfoII/Tarea_5/out/QC2/multiqc_data'
[2022-03-19 13:18:15,668] multiqc                                            [DEBUG  ]  Moving data file from '/tmp/tmpudkw5G/multiqc_data/multiqc_fastqc.txt' to '/mnt/Citosina/amedina/ejorquera/BioInfoII/Tarea_5/out/QC2/multiqc_data'
[2022-03-19 13:18:15,824] multiqc                                            [INFO   ]  MultiQC complete
